<?xml version="1.0" encoding="UTF-8"?>
<testsuite name="users.UserClient" tests="1" skipped="0" failures="0" errors="0" timestamp="2023-02-15T18:31:05" hostname="PP-C02CP8HJMD6M" time="0.003">
  <properties/>
  <testcase name="testMethod" classname="users.UserClient" time="0.003"/>
  <system-out><![CDATA[Simple Test
]]></system-out>
  <system-err><![CDATA[]]></system-err>
</testsuite>
