<?xml version="1.0" encoding="UTF-8"?>
<testsuite name="CreateUsersNegativeTests" tests="1" skipped="0" failures="0" errors="0" timestamp="2023-02-17T14:24:58" hostname="PP-C02CP8HJMD6M" time="1.806">
  <properties/>
  <testcase name="createUserWithExistingEmailID" classname="CreateUsersNegativeTests" time="1.806"/>
  <system-out><![CDATA[{
    "error": "BODY_NOT_VALID",
    "data": {
        "email": "Email already used"
    }
}
]]></system-out>
  <system-err><![CDATA[]]></system-err>
</testsuite>
