<?xml version="1.0" encoding="UTF-8"?>
<testsuite name="CreateUserTests" tests="1" skipped="0" failures="0" errors="0" timestamp="2023-02-16T15:17:29" hostname="PP-C02CP8HJMD6M" time="1.848">
  <properties/>
  <testcase name="shouldCreateUser" classname="CreateUserTests" time="1.848"/>
  <system-out><![CDATA[{
    "id": "63ee490a0e691d60fa51b241",
    "firstName": "Tenali",
    "lastName": "Ramakrishna",
    "email": "b06b72b4-0a92-4f13-820e-d0f18c40f67d@gmail.com",
    "registerDate": "2023-02-16T15:17:30.926Z",
    "updatedDate": "2023-02-16T15:17:30.926Z"
}
]]></system-out>
  <system-err><![CDATA[]]></system-err>
</testsuite>
