<?xml version="1.0" encoding="UTF-8"?>
<testsuite name="users.tests.GetUsersTests" tests="1" skipped="0" failures="0" errors="0" timestamp="2023-02-18T19:27:38" hostname="PP-C02CP8HJMD6M" time="1.702">
  <properties/>
  <testcase name="shouldGetUsersCreatedOnYourAccount" classname="users.tests.GetUsersTests" time="1.702"/>
  <system-out><![CDATA[{
    "data": [
        {
            "id": "63ebb37e30c2b9e312a83fed",
            "firstName": "Kulal",
            "lastName": "Ash"
        },
        {
            "id": "63ebb3aa30c2b93634a84005",
            "firstName": "Kulal",
            "lastName": "Ash"
        },
        {
            "id": "63ee2a420e691d385b51985c",
            "firstName": "Kulal",
            "lastName": "Ash"
        },
        {
            "id": "63ee48ca0e691db68d51b1ed",
            "firstName": "Tenali",
            "lastName": "Ramakrishna"
        },
        {
            "id": "63ee490a0e691d60fa51b241",
            "firstName": "Tenali",
            "lastName": "Ramakrishna"
        },
        {
            "id": "63f0a7d84089c5bc86aa8caa",
            "firstName": "Ash",
            "lastName": "Shetty"
        },
        {
            "id": "63f0a7f9c44ad390a9a32e92",
            "firstName": "Ash",
            "lastName": "Shetty"
        },
        {
            "id": "63f0a876c44ad30953a32e99",
            "firstName": "Ash",
            "lastName": "Shetty"
        },
        {
            "id": "63f0b6b14089c501d5aa972a",
            "firstName": "Ash",
            "lastName": "Shetty"
        },
        {
            "id": "63f0c4384089c57712aa9d4b",
            "firstName": "Ash",
            "lastName": "Shetty"
        },
        {
            "id": "63f0d8014089c5403daaaa3e",
            "firstName": "Ash",
            "lastName": "Shetty"
        },
        {
            "id": "63f0e3c54089c54aa8aaae36",
            "firstName": "Ash",
            "lastName": "Shetty"
        },
        {
            "id": "63f126044089c50f64aacd06",
            "firstName": "Ash",
            "lastName": "Shetty"
        }
    ],
    "total": 13,
    "page": 0,
    "limit": 20
}
]]></system-out>
  <system-err><![CDATA[]]></system-err>
</testsuite>
